<?xml version="1.0" encoding="UTF-8"?>
<testsuite name="de.sswis.model.algorithms.ranking.CurrentCycleScoreTest" tests="2" skipped="0" failures="0" errors="0" timestamp="2019-01-31T20:20:54" hostname="sophie-Aspire-5830TG" time="0.002">
  <properties/>
  <testcase name="getRankingsTest1" classname="de.sswis.model.algorithms.ranking.CurrentCycleScoreTest" time="0.001"/>
  <testcase name="getRankingsTest2" classname="de.sswis.model.algorithms.ranking.CurrentCycleScoreTest" time="0.0"/>
  <system-out><![CDATA[]]></system-out>
  <system-err><![CDATA[]]></system-err>
</testsuite>
